Сборка начата 05.05.2022 20:36:21.
Уровень детализации журнала: Normal.     1>Проект "e:\1POIT\2\MatProga\labs\Matrix\Matrix\Matrix.vcxproj" в узле 2 (целевые объекты Build).
     1>InitializeBuildStatus:
         Создание "x64\Debug\Matrix.tlog\unsuccessfulbuild", так как было задано "AlwaysCreate".
       ClCompile:
         Для всех выходных данных обновления не требуется.
         E:\SOFT\Visual Studio\VC\Tools\MSVC\14.29.30037\bin\HostX86\x64\CL.exe /c /ZI /JMC /nologo /W3 /WX- /diagnostics:column /sdl /Od /D _DEBUG /D _CONSOLE /D _UNICODE /D UNICODE /Gm- /EHsc /RTC1 /MDd /GS /fp:precise /permissive- /Zc:wchar_t /Zc:forScope /Zc:inline /Yu"stdafx.h" /Fp"x64\Debug\Matrix.pch" /Fo"x64\Debug\\" /Fd"x64\Debug\vc142.pdb" /external:W3 /Gd /TP /FC /errorReport:prompt Matrix.cpp
         Matrix.cpp
       Link:
         E:\SOFT\Visual Studio\VC\Tools\MSVC\14.29.30037\bin\HostX86\x64\link.exe /ERRORREPORT:PROMPT /OUT:"E:\1POIT\2\MatProga\labs\Matrix\x64\Debug\Matrix.exe" /INCREMENTAL /ILK:"x64\Debug\Matrix.ilk" /NOLOGO kernel32.lib user32.lib gdi32.lib winspool.lib comdlg32.lib advapi32.lib shell32.lib ole32.lib oleaut32.lib uuid.lib odbc32.lib odbccp32.lib /MANIFEST /MANIFESTUAC:"level='asInvoker' uiAccess='false'" /manifest:embed /DEBUG /PDB:"E:\1POIT\2\MatProga\labs\Matrix\x64\Debug\Matrix.pdb" /SUBSYSTEM:CONSOLE /TLBID:1 /DYNAMICBASE /NXCOMPAT /IMPLIB:"E:\1POIT\2\MatProga\labs\Matrix\x64\Debug\Matrix.lib" /MACHINE:X64 x64\Debug\Matrix.obj
         x64\Debug\MultyMatrix.obj
         x64\Debug\stdafx.obj
         Matrix.vcxproj -> E:\1POIT\2\MatProga\labs\Matrix\x64\Debug\Matrix.exe
       FinalizeBuildStatus:
         Файл "x64\Debug\Matrix.tlog\unsuccessfulbuild" удаляется.
         Обращение к "x64\Debug\Matrix.tlog\Matrix.lastbuildstate".
     1>Сборка проекта "e:\1POIT\2\MatProga\labs\Matrix\Matrix\Matrix.vcxproj" завершена (целевые объекты Build).

Сборка успешно завершена.
    Предупреждений: 0
    Ошибок: 0

Прошло времени 00:00:02.19
