Сборка начата 06.04.2022 22:38:20.
Уровень детализации журнала: Normal.     1>Проект "e:\1POIT\2\MatProga\labs\lab3\lab3\lab3.vcxproj" в узле 2 (целевые объекты Build).
     1>InitializeBuildStatus:
         Создание "Debug\lab3.tlog\unsuccessfulbuild", так как было задано "AlwaysCreate".
       ClCompile:
         E:\SOFT\Visual Studio\VC\Tools\MSVC\14.29.30037\bin\HostX86\x86\CL.exe /c /ZI /JMC /nologo /W3 /WX- /diagnostics:column /sdl /Od /Oy- /D WIN32 /D _DEBUG /D _CONSOLE /D _UNICODE /D UNICODE /Gm- /EHsc /RTC1 /MDd /GS /fp:precise /permissive- /Zc:wchar_t /Zc:forScope /Zc:inline /Fo"Debug\\" /Fd"Debug\vc142.pdb" /external:W3 /Gd /TP /analyze- /FC /errorReport:prompt lab3.cpp
         lab3.cpp
       Link:
         E:\SOFT\Visual Studio\VC\Tools\MSVC\14.29.30037\bin\HostX86\x86\link.exe /ERRORREPORT:PROMPT /OUT:"E:\1POIT\2\MatProga\labs\lab3\Debug\lab3.exe" /INCREMENTAL /ILK:"Debug\lab3.ilk" /NOLOGO kernel32.lib user32.lib gdi32.lib winspool.lib comdlg32.lib advapi32.lib shell32.lib ole32.lib oleaut32.lib uuid.lib odbc32.lib odbccp32.lib /MANIFEST /MANIFESTUAC:"level='asInvoker' uiAccess='false'" /manifest:embed /DEBUG /PDB:"E:\1POIT\2\MatProga\labs\lab3\Debug\lab3.pdb" /SUBSYSTEM:CONSOLE /TLBID:1 /DYNAMICBASE /NXCOMPAT /IMPLIB:"E:\1POIT\2\MatProga\labs\lab3\Debug\lab3.lib" /MACHINE:X86 Debug\Combi.obj
         Debug\lab3.obj
         Debug\Salesman.obj
         lab3.vcxproj -> E:\1POIT\2\MatProga\labs\lab3\Debug\lab3.exe
       FinalizeBuildStatus:
         Файл "Debug\lab3.tlog\unsuccessfulbuild" удаляется.
         Обращение к "Debug\lab3.tlog\lab3.lastbuildstate".
     1>Сборка проекта "e:\1POIT\2\MatProga\labs\lab3\lab3\lab3.vcxproj" завершена (целевые объекты Build).

Сборка успешно завершена.
    Предупреждений: 0
    Ошибок: 0

Прошло времени 00:00:01.81
