Сборка начата 04.05.2022 16:34:06.
Уровень детализации журнала: Normal.     1>Проект "e:\1POIT\2\MatProga\ТЫК\lab4\Levenshtein\Levenshtein\Levenshtein.vcxproj" в узле 2 (целевые объекты Build).
     1>PrepareForBuild:
         Создание каталога "E:\1POIT\2\MatProga\ТЫК\lab4\Levenshtein\x64\Debug\".
         Создание каталога "x64\Debug\Levenshtein.tlog\".
       InitializeBuildStatus:
         Создание "x64\Debug\Levenshtein.tlog\unsuccessfulbuild", так как было задано "AlwaysCreate".
       ClCompile:
         E:\SOFT\Visual Studio\VC\Tools\MSVC\14.29.30037\bin\HostX86\x64\CL.exe /c /ZI /JMC /nologo /W3 /WX- /diagnostics:column /sdl /Od /D _DEBUG /D _CONSOLE /D _UNICODE /D UNICODE /Gm- /EHsc /RTC1 /MDd /GS /fp:precise /permissive- /Zc:wchar_t /Zc:forScope /Zc:inline /Yc"stdafx.h" /Fp"x64\Debug\Levenshtein.pch" /Fo"x64\Debug\\" /Fd"x64\Debug\vc142.pdb" /external:W3 /Gd /TP /FC /errorReport:prompt stdafx.cpp
         stdafx.cpp
         E:\SOFT\Visual Studio\VC\Tools\MSVC\14.29.30037\bin\HostX86\x64\CL.exe /c /ZI /JMC /nologo /W3 /WX- /diagnostics:column /sdl /Od /D _DEBUG /D _CONSOLE /D _UNICODE /D UNICODE /Gm- /EHsc /RTC1 /MDd /GS /fp:precise /permissive- /Zc:wchar_t /Zc:forScope /Zc:inline /Yu"stdafx.h" /Fp"x64\Debug\Levenshtein.pch" /Fo"x64\Debug\\" /Fd"x64\Debug\vc142.pdb" /external:W3 /Gd /TP /FC /errorReport:prompt Levenshtein.cpp main.cpp
         Levenshtein.cpp
         main.cpp
     1>e:\1POIT\2\MatProga\ТЫК\lab4\Levenshtein\Levenshtein\main.cpp(14,12): warning C4244: аргумент: преобразование "time_t" в "unsigned int", возможна потеря данных
         Создание кода...
       Link:
         E:\SOFT\Visual Studio\VC\Tools\MSVC\14.29.30037\bin\HostX86\x64\link.exe /ERRORREPORT:PROMPT /OUT:"E:\1POIT\2\MatProga\ТЫК\lab4\Levenshtein\x64\Debug\Levenshtein.exe" /INCREMENTAL /ILK:"x64\Debug\Levenshtein.ilk" /NOLOGO kernel32.lib user32.lib gdi32.lib winspool.lib comdlg32.lib advapi32.lib shell32.lib ole32.lib oleaut32.lib uuid.lib odbc32.lib odbccp32.lib /MANIFEST /MANIFESTUAC:"level='asInvoker' uiAccess='false'" /manifest:embed /DEBUG /PDB:"E:\1POIT\2\MatProga\ТЫК\lab4\Levenshtein\x64\Debug\Levenshtein.pdb" /SUBSYSTEM:CONSOLE /TLBID:1 /DYNAMICBASE /NXCOMPAT /IMPLIB:"E:\1POIT\2\MatProga\ТЫК\lab4\Levenshtein\x64\Debug\Levenshtein.lib" /MACHINE:X64 x64\Debug\Levenshtein.obj
         x64\Debug\main.obj
         x64\Debug\stdafx.obj
         Levenshtein.vcxproj -> E:\1POIT\2\MatProga\ТЫК\lab4\Levenshtein\x64\Debug\Levenshtein.exe
       FinalizeBuildStatus:
         Файл "x64\Debug\Levenshtein.tlog\unsuccessfulbuild" удаляется.
         Обращение к "x64\Debug\Levenshtein.tlog\Levenshtein.lastbuildstate".
     1>Сборка проекта "e:\1POIT\2\MatProga\ТЫК\lab4\Levenshtein\Levenshtein\Levenshtein.vcxproj" завершена (целевые объекты Build).

Сборка успешно завершена.

       "e:\1POIT\2\MatProga\ТЫК\lab4\Levenshtein\Levenshtein\Levenshtein.vcxproj" (целевой объект Build ) (1) ->
       (Целевой объект ClCompile) -> 
         e:\1POIT\2\MatProga\ТЫК\lab4\Levenshtein\Levenshtein\main.cpp(14,12): warning C4244: аргумент: преобразование "time_t" в "unsigned int", возможна потеря данных

    Предупреждений: 1
    Ошибок: 0

Прошло времени 00:00:04.86
