Сборка начата 17.05.2022 03:56:05.
Уровень детализации журнала: Normal.     1>Проект "e:\1POIT\2\MatProga\ТЫК\MP_Lab5\MP_Lab5.vcxproj" в узле 2 (целевые объекты Build).
     1>InitializeBuildStatus:
         Создание "Debug\MP_Lab5.tlog\unsuccessfulbuild", так как было задано "AlwaysCreate".
       ClCompile:
         E:\SOFT\Visual Studio\VC\Tools\MSVC\14.29.30037\bin\HostX86\x86\CL.exe /c /ZI /JMC /nologo /W3 /WX- /diagnostics:column /sdl /Od /Oy- /D WIN32 /D _DEBUG /D _CONSOLE /D _UNICODE /D UNICODE /Gm- /EHsc /RTC1 /MDd /GS /fp:precise /permissive- /Zc:wchar_t /Zc:forScope /Zc:inline /Fo"Debug\\" /Fd"Debug\vc142.pdb" /external:W3 /Gd /TP /analyze- /FC /errorReport:prompt MP_Lab5.cpp
         MP_Lab5.cpp
       Link:
         E:\SOFT\Visual Studio\VC\Tools\MSVC\14.29.30037\bin\HostX86\x86\link.exe /ERRORREPORT:PROMPT /OUT:"E:\1POIT\2\MatProga\ТЫК\MP_Lab5\Debug\MP_Lab5.exe" /INCREMENTAL /ILK:"Debug\MP_Lab5.ilk" /NOLOGO kernel32.lib user32.lib gdi32.lib winspool.lib comdlg32.lib advapi32.lib shell32.lib ole32.lib oleaut32.lib uuid.lib odbc32.lib odbccp32.lib /MANIFEST /MANIFESTUAC:"level='asInvoker' uiAccess='false'" /manifest:embed /DEBUG /PDB:"E:\1POIT\2\MatProga\ТЫК\MP_Lab5\Debug\MP_Lab5.pdb" /SUBSYSTEM:CONSOLE /TLBID:1 /DYNAMICBASE /NXCOMPAT /IMPLIB:"E:\1POIT\2\MatProga\ТЫК\MP_Lab5\Debug\MP_Lab5.lib" /MACHINE:X86 Debug\BFS.obj
         Debug\Graph.obj
         Debug\MP_Lab5.obj
         Debug\DFS.obj
         MP_Lab5.vcxproj -> E:\1POIT\2\MatProga\ТЫК\MP_Lab5\Debug\MP_Lab5.exe
       FinalizeBuildStatus:
         Файл "Debug\MP_Lab5.tlog\unsuccessfulbuild" удаляется.
         Обращение к "Debug\MP_Lab5.tlog\MP_Lab5.lastbuildstate".
     1>Сборка проекта "e:\1POIT\2\MatProga\ТЫК\MP_Lab5\MP_Lab5.vcxproj" завершена (целевые объекты Build).

Сборка успешно завершена.
    Предупреждений: 0
    Ошибок: 0

Прошло времени 00:00:02.22
